[2026-01-25T12:58:58.609Z] [LOGIN] Using JSON DB. Email: bollepallijagadeesh@gmail.com
[2026-01-25T13:02:37.317Z] [LOGIN] Using JSON DB. Email: bollepallijagadeesh@gmail.com
[2026-01-25T13:04:16.032Z] [LOGIN] Using JSON DB. Email: bollepallijagadeesh@gmail.com
[2026-01-25T13:06:06.292Z] [LOGIN] Using JSON DB. Email: admin@jaggu.kutter.com
[2026-01-25T16:02:47.002Z] [LOGIN] Using JSON DB. Email: bollepallijagadeesh@gmail.com
[2026-01-25T16:03:00.540Z] [LOGIN] Using JSON DB. Email: bollepallijagadeesh@gmail.com
[2026-01-27T04:52:05.250Z] [LOGIN] Using JSON DB. Email: bollepallijagadeesh@gmail.com
[2026-01-27T04:56:40.003Z] [LOGIN] Using JSON DB. Email: admin@jaggu.kutter.com
[2026-01-28T05:32:19.754Z] [LOGIN] Using JSON DB. Email: bollepallijagadeesh@gmail.com
[2026-01-28T05:43:29.772Z] [LOGIN] Using JSON DB. Email: bollepallijagadeesh@gmail.com
[2026-01-28T05:47:05.572Z] [LOGIN] Using JSON DB. Email: bollepallijagadeesh@gmail.com
[2026-01-30T04:44:52.751Z] [LOGIN] Using JSON DB. Email: admin@jaggu.kutter.com
[2026-01-30T04:45:26.513Z] [LOGIN] Using JSON DB. Email: bollepallijagadeesh@gmail.com
[2026-01-30T04:46:05.697Z] [LOGIN] Using JSON DB. Email: admin@jaggu.kutter.com
[2026-01-30T04:49:26.928Z] [LOGIN] Using JSON DB. Email: bollepallijagadeesh@gmail.com
[2026-01-30T09:06:46.891Z] [LOGIN] Using JSON DB. Email: bollepallijagadeesh@gmail.com
[2026-01-30T09:06:55.563Z] [LOGIN] Using JSON DB. Email: admin@jaggu.kutter.com
[2026-01-30T09:07:10.431Z] [LOGIN] Using JSON DB. Email: bollepallijagadeesh@gmail.com
[2026-01-30T09:22:34.292Z] [LOGIN] Using JSON DB. Email: admin@jaggu.kutter.com
[2026-01-31T05:39:57.853Z] [LOGIN] Using JSON DB. Email: admin@jaggu.kutter.com
[2026-01-31T05:47:50.434Z] [LOGIN] Using JSON DB. Email: admin@jaggu.kutter.com
[2026-02-03T16:43:21.966Z] [LOGIN] Using JSON DB. Email: admin@jaggu.kutter.com
[2026-02-05T08:00:24.321Z] [LOGIN] Using JSON DB. Email: admin@jaggu.kutter.com
[2026-02-05T08:09:08.084Z] [LOGIN] Using JSON DB. Email: admin@jaggu.kutter.com
[2026-02-05T08:23:12.506Z] [LOGIN] Using JSON DB. Email: admin@vastrakuteer.com
[2026-02-06T03:19:55.535Z] [REGISTER] Using JSON DB. Email: Anusha.vastraKuteer@gmail.com
[2026-02-06T03:19:55.545Z] [REGISTER] Success for Anusha.vastraKuteer@gmail.com. New ID: 1770347995544
[2026-02-06T03:20:01.057Z] [LOGIN] Using JSON DB. Email: Anusha.vastraKuteer@gmail.com
[2026-02-06T03:58:34.473Z] [LOGIN] Using JSON DB. Email: Anusha.vastraKuteer@gmail.com
[2026-02-10T05:52:31.215Z] [LOGIN] Using JSON DB. Email: Anusha.vastraKuteer@gmail.com
[2026-02-10T05:52:48.753Z] [LOGIN] Using JSON DB. Email: admin@jaggu.kutter.com
[2026-02-10T05:52:48.754Z] [LOGIN] User not found: admin@jaggu.kutter.com
[2026-02-10T05:52:51.134Z] [LOGIN] Using JSON DB. Email: admin@jaggu.kutter.com
[2026-02-10T05:52:51.142Z] [LOGIN] User not found: admin@jaggu.kutter.com
[2026-02-10T05:52:54.946Z] [LOGIN] Using JSON DB. Email: admin@jaggu.kutter.com
[2026-02-10T05:52:54.948Z] [LOGIN] User not found: admin@jaggu.kutter.com
[2026-02-10T05:52:57.189Z] [LOGIN] Using JSON DB. Email: admin@jaggu.kutter.com
[2026-02-10T05:52:57.190Z] [LOGIN] User not found: admin@jaggu.kutter.com
[2026-02-10T05:53:08.427Z] [LOGIN] Using JSON DB. Email: admin@vastrakuteer.com
[2026-02-10T06:17:33.605Z] [LOGIN] Using JSON DB. Email: Anusha.vastraKuteer@gmail.com
[2026-02-10T06:18:27.113Z] [LOGIN] Using JSON DB. Email: Anusha.vastraKuteer@gmail.com
[2026-02-10T08:24:18.629Z] [LOGIN] Using JSON DB. Email: admin@vastrakuteer.com
[2026-02-10T08:25:13.539Z] [LOGIN] Using JSON DB. Email: admin@vastrakuteer.com
[2026-02-10T08:33:52.111Z] [LOGIN] Using JSON DB. Email: admin@vastrakuteer.com
[2026-02-10T09:26:43.970Z] [LOGIN] Using JSON DB. Email: Anusha.vastraKuteer@gmail.com
[2026-02-10T09:44:33.536Z] [LOGIN] Using JSON DB. Email: Anusha.vastraKuteer@gmail.com
[2026-02-10T15:17:27.417Z] [LOGIN] Using JSON DB. Email: Anusha.vastraKuteer@gmail.com
[2026-02-10T16:41:03.662Z] [LOGIN] Using JSON DB. Email: admin@vastrakuteer.com
[2026-02-10T16:52:24.709Z] [REGISTER] Using JSON DB. Email: sankarr@gmail.com
[2026-02-10T16:52:24.714Z] [REGISTER] Success for sankarr@gmail.com. New ID: 1770742344712
[2026-02-10T16:52:35.948Z] [LOGIN] Using JSON DB. Email: sankarr@gmail.com
[2026-02-11T05:31:28.023Z] [LOGIN] Using JSON DB. Email: admin@jaggu.kutter.com
[2026-02-11T05:31:28.058Z] [LOGIN] User not found: admin@jaggu.kutter.com
[2026-02-11T05:31:34.718Z] [LOGIN] Using JSON DB. Email: admin@vastrakuteer.com
[2026-02-11T05:53:02.855Z] [LOGIN] Using JSON DB. Email: Anusha.vastraKuteer@gmail.com
[2026-02-11T05:53:49.402Z] [LOGIN] Using JSON DB. Email: admin@vastrakuteer.com
[2026-02-16T09:55:23.412Z] [LOGIN] Using JSON DB. Email: admin@vastrakuteer.com
[2026-02-16T13:53:20.167Z] [LOGIN] Using JSON DB. Email: Anusha.vastraKuteer@gmail.com
[2026-02-16T13:53:46.884Z] [LOGIN] Using JSON DB. Email: admin@vastrakuteer.com
[2026-02-16T14:01:10.228Z] [LOGIN] Using JSON DB. Email: Anusha.vastraKuteer@gmail.com
[2026-02-16T14:01:52.163Z] [LOGIN] Using JSON DB. Email: admin@vastrakuteer.com
[2026-02-16T14:02:33.620Z] [LOGIN] Using JSON DB. Email: Anusha.vastraKuteer@gmail.com
[2026-02-16T14:04:56.534Z] [LOGIN] Using JSON DB. Email: admin@vastrakuteer.com
[2026-02-16T14:22:00.292Z] [LOGIN] Using JSON DB. Email: admin@jaggu.kutter.com
[2026-02-16T14:22:00.345Z] [LOGIN] User not found: admin@jaggu.kutter.com
[2026-02-16T14:22:03.923Z] [LOGIN] Using JSON DB. Email: Anusha.vastraKuteer@gmail.com
[2026-02-16T14:24:30.113Z] [LOGIN] Using JSON DB. Email: admin@vastrakuteer.com
[2026-02-16T16:13:29.718Z] [LOGIN] Using JSON DB. Email: Anusha.vastraKuteer@gmail.com
[2026-02-16T16:14:15.067Z] [LOGIN] Using JSON DB. Email: admin@vastrakuteer.com
[2026-02-16T16:14:46.326Z] [LOGIN] Using JSON DB. Email: Anusha.vastraKuteer@gmail.com
[2026-02-16T16:15:19.015Z] [LOGIN] Using JSON DB. Email: admin@vastrakuteer.com
[2026-02-16T16:15:40.808Z] [LOGIN] Using JSON DB. Email: Anusha.vastraKuteer@gmail.com
[2026-02-16T16:36:00.444Z] [LOGIN] Using JSON DB. Email: sankarr@gmail.com
[2026-02-16T16:41:57.945Z] [LOGIN] Using JSON DB. Email: admin@jaggu.kutter.com
[2026-02-16T16:41:57.949Z] [LOGIN] User not found: admin@jaggu.kutter.com
[2026-02-16T16:42:02.872Z] [LOGIN] Using JSON DB. Email: admin@vastrakuteer.com
[2026-02-16T16:52:12.653Z] [LOGIN] Using JSON DB. Email: sankarr@gmail.com
[2026-02-16T17:34:10.968Z] [REGISTER] Using JSON DB. Email: sanjeev@gmail.com
[2026-02-16T17:34:11.031Z] [REGISTER] Success for sanjeev@gmail.com. New ID: 1771263251021
[2026-02-16T17:34:22.485Z] [LOGIN] Using JSON DB. Email: sanjeev@gmail.com
[2026-02-16T17:39:54.982Z] [LOGIN] Using JSON DB. Email: sanjeev@gmail.com
[2026-02-16T17:43:10.920Z] [LOGIN] Using JSON DB. Email: admin@vastrakuteer.com
[2026-02-16T17:43:54.668Z] [LOGIN] Using JSON DB. Email: sanjeev@gmail.com
[2026-02-16T17:57:12.777Z] [LOGIN] Using JSON DB. Email: sanjeev@gmail.com
[2026-02-16T18:12:37.427Z] [LOGIN] Using JSON DB. Email: sanjeev@gmail.com
[2026-02-16T18:19:48.431Z] [LOGIN] Using JSON DB. Email: sanjeev@gmail.com
[2026-02-17T03:50:23.969Z] [LOGIN] Using JSON DB. Email: admin@vastrakuteer.com
[2026-02-17T03:50:38.038Z] [LOGIN] Using JSON DB. Email: admin@vastrakuteer.com
[2026-02-17T05:43:55.362Z] [LOGIN] Using JSON DB. Email: Anusha.vastraKuteer@gmail.com
[2026-02-17T06:14:08.053Z] [LOGIN] Using JSON DB. Email: admin@vastrakuteer.com
[2026-02-17T06:20:12.299Z] [LOGIN] Using JSON DB. Email: sankarr@gmail.com
[2026-02-17T06:21:28.682Z] [LOGIN] Using JSON DB. Email: sankarr@gmail.com
[2026-02-17T06:21:46.801Z] [LOGIN] Using JSON DB. Email: Anusha.vastraKuteer@gmail.com
[2026-02-17T06:22:15.671Z] [LOGIN] Using JSON DB. Email: sanjeev@gmail.com
[2026-02-17T06:22:41.077Z] [LOGIN] Using JSON DB. Email: admin@vastrakuteer.com
[2026-02-17T07:49:51.031Z] [LOGIN] Using JSON DB. Email: admin@vastrakuteer.com
[2026-02-17T07:50:46.672Z] [LOGIN] Using JSON DB. Email: sankarr@gmail.com
[2026-02-17T07:51:07.131Z] [LOGIN] Using JSON DB. Email: sanjeev@gmail.com
[2026-02-17T08:10:24.320Z] [LOGIN] Using JSON DB. Email: admin@vastrakuteer.com
[2026-02-17T09:32:21.411Z] [LOGIN] Using JSON DB. Email: bollepallijagadeesh@gmail.com
[2026-02-17T09:32:46.775Z] [LOGIN] Using JSON DB. Email: admin@vastrakuteer.com
[2026-02-17T09:33:38.861Z] [LOGIN] Using JSON DB. Email: bollepallijagadeesh@gmail.com
[2026-02-17T09:35:45.836Z] [LOGIN] Using JSON DB. Email: admin@vastrakuteer.com
[2026-02-17T09:39:31.784Z] [LOGIN] Using JSON DB. Email: admin@vastrakuteer.com
[2026-02-17T09:53:10.865Z] [LOGIN] Using JSON DB. Email: admin@vastrakuteer.com
[2026-02-18T05:57:24.512Z] [REGISTER] Using JSON DB. Email: testuser_unique_123@example.com
[2026-02-18T06:12:55.233Z] [REGISTER] Using JSON DB. Email: karthik@gmail.com
[2026-02-18T06:24:54.360Z] [LOGIN] Using JSON DB. Email: admin@vastrakuteer.com
[2026-02-18T16:29:21.427Z] [LOGIN] Using JSON DB. Email: admin@vastrakuteer.com
[2026-02-20T13:07:40.441Z] [LOGIN] Using JSON DB. Email: admin@vastrakuteer.com
[2026-02-20T13:08:57.571Z] [LOGIN] Using JSON DB. Email: bollepallijagadeesh@gmail.com
[2026-02-20T13:15:17.880Z] [LOGIN] Using JSON DB. Email: admin@vastrakuteer.com
[2026-02-20T13:37:08.661Z] [LOGIN] Using JSON DB. Email: Anusha.vastraKuteer@gmail.com
[2026-02-20T13:38:02.850Z] [LOGIN] Using JSON DB. Email: admin@vastrakuteer.com
[2026-02-20T13:38:43.465Z] [LOGIN] Using JSON DB. Email: Anusha.vastraKuteer@gmail.com
[2026-02-20T13:44:40.391Z] [LOGIN] Using JSON DB. Email: admin@jaggu.kutter.com
[2026-02-20T13:44:44.328Z] [LOGIN] Using JSON DB. Email: admin@jaggu.kutter.com
[2026-02-20T13:44:51.905Z] [LOGIN] Using JSON DB. Email: admin@vastrakuteer.com
[2026-02-20T16:10:25.245Z] [LOGIN] Using JSON DB. Email: sankarr@gmail.com
[2026-02-20T16:12:53.345Z] [LOGIN] Using JSON DB. Email: sankarr@gmail.com
[2026-02-20T16:14:21.841Z] [LOGIN] Using JSON DB. Email: admin@vastrakuteer.com
[2026-02-20T16:22:20.233Z] [LOGIN] Using JSON DB. Email: sankarr@gmail.com
[2026-02-20T16:22:36.993Z] [LOGIN] Using JSON DB. Email: admin@vastrakuteer.com
[2026-02-20T16:23:03.206Z] [LOGIN] Using JSON DB. Email: sankarr@gmail.com
[2026-02-20T16:25:50.602Z] [LOGIN] Using JSON DB. Email: admin@vastrakuteer.com
[2026-02-22T11:58:57.335Z] [REGISTER] Using JSON DB. Email: csrch99@gmail.com
[2026-02-22T12:05:19.332Z] [LOGIN] Using JSON DB. Email: admin@vastrakuteer.com
[2026-02-22T12:34:48.533Z] [REGISTER] Using JSON DB. Email: jmbphy@gmail.com
[2026-02-22T12:44:29.802Z] [LOGIN] Using JSON DB. Email: admin@vastrakuteer.com
[2026-02-22T12:48:37.431Z] [LOGIN] Using JSON DB. Email: jmbphy@gmail.com
[2026-02-22T12:49:14.542Z] [LOGIN] Using JSON DB. Email: admin@vastrakuteer.com
[2026-02-22T12:49:53.944Z] [LOGIN] Using JSON DB. Email: jmbphy@gmail.com
[2026-02-22T12:54:12.366Z] [LOGIN] Using JSON DB. Email: admin@vastrakuteer.com
[2026-02-22T12:55:13.487Z] [LOGIN] Using JSON DB. Email: jmbphy@gmail.com
[2026-02-23T05:48:57.050Z] [LOGIN] Using JSON DB. Email: admin@vastrakuteer.com
[2026-02-23T12:43:15.380Z] [LOGIN] Using JSON DB. Email: admin@vastrakuteer.com
[2026-02-23T13:47:34.371Z] [LOGIN] Using JSON DB. Email: admin@vastrakuteer.com
[2026-02-23T13:47:54.278Z] [LOGIN] Using JSON DB. Email: admin@vastrakuteer.com
[2026-02-23T13:51:21.551Z] [LOGIN] Using JSON DB. Email: admin@vastrakuteer.com
[2026-02-24T03:39:20.140Z] [LOGIN] Using JSON DB. Email: admin@vastrakuteer.com
[2026-02-24T05:47:26.474Z] [LOGIN] Using JSON DB. Email: admin@vastrakuteer.com
[2026-02-24T06:10:12.659Z] [LOGIN] Using JSON DB. Email: sanjeev@gmail.com
[2026-02-24T06:15:57.186Z] [LOGIN] Using JSON DB. Email: admin@vastrakuteer.com
[2026-02-24T06:15:57.754Z] [LOGIN] Using JSON DB. Email: admin@vastrakuteer.com
[2026-02-24T13:29:21.124Z] [LOGIN] Using JSON DB. Email: admin@vastrakuteer.com
[2026-02-24T16:17:57.685Z] [LOGIN] Using JSON DB. Email: admin@vastrakuteer.com
[2026-02-24T16:20:03.348Z] [LOGIN] Using JSON DB. Email: admin@vastrakuteer.com
[2026-02-25T06:28:49.492Z] [REGISTER] Using JSON DB. Email: puligillayashwanth776@gmail.com
[2026-02-25T16:03:33.240Z] [LOGIN] Using JSON DB. Email: admin@vastrakuteer.com
[2026-02-26T03:30:44.586Z] [LOGIN] Using JSON DB. Email: admin@vastrakuteer.com
[2026-02-26T03:54:22.315Z] [LOGIN] Using JSON DB. Email: admin@vastrakuteer.com
[2026-02-26T04:05:39.813Z] [LOGIN] Using JSON DB. Email: admin@vastrakuteer.com
[2026-02-26T04:06:50.180Z] [REGISTER] Using JSON DB. Email: 2320030187@klh.edu.in
[2026-02-26T04:10:44.704Z] [LOGIN] Using JSON DB. Email: admin@vastrakuteer.com
[2026-02-26T10:53:24.871Z] [LOGIN] Using JSON DB. Email: admin@vastrakuteer.com
[2026-02-28T04:53:40.150Z] [LOGIN] Using JSON DB. Email: admin@vastrakuteer.com
[2026-02-28T05:24:27.859Z] [LOGIN] Using JSON DB. Email: admin@vastrakuteer.com
[2026-03-02T07:56:19.952Z] [LOGIN] Using JSON DB. Email: admin@vastrakuteer.com
[2026-03-02T08:45:55.267Z] [LOGIN] Using JSON DB. Email: admin@vastrakuteer.com
[2026-03-02T08:55:13.857Z] [LOGIN] Using JSON DB. Email: admin@vastrakuteer.com
[2026-03-02T09:28:06.678Z] [LOGIN] Using JSON DB. Email: admin@vastrakuteer.com
[2026-03-02T09:46:58.918Z] [LOGIN] Using JSON DB. Email: admin@vastrakuteer.com
[2026-03-02T09:48:22.127Z] [LOGIN] Using JSON DB. Email: admin@vastrakuteer.com
[2026-03-02T09:52:17.340Z] [LOGIN] Using JSON DB. Email: admin@vastrakuteer.com
[2026-03-02T16:14:43.164Z] [LOGIN] Using JSON DB. Email: admin@vastrakuteer.com
[2026-03-02T16:36:13.450Z] [LOGIN] Using JSON DB. Email: admin@vastrakuteer.com
[2026-03-02T17:10:15.459Z] [LOGIN] Using JSON DB. Email: admin@vastrakuteer.com
[2026-03-02T17:17:00.141Z] [LOGIN] Using JSON DB. Email: admin@vastrakuteer.com
[2026-03-02T17:30:35.987Z] [LOGIN] Using JSON DB. Email: admin@vastrakuteer.com
[2026-03-02T18:08:41.018Z] [LOGIN] Using JSON DB. Email: admin@vastrakuteer.com
[2026-03-03T03:45:05.816Z] [LOGIN] Using JSON DB. Email: admin@vastrakuteer.com
[2026-03-03T11:28:51.973Z] [FORGOT PW] JSON Mode reset token for admin@vastrakuteer.com: 036711d93e58dbc467747ca0969043e90f81c6099c6a2564de864c3756d64a76
[2026-03-03T11:28:52.009Z] 
==========================================
[2026-03-03T11:28:52.022Z] PASSWORD RESET LINK FOR admin@vastrakuteer.com:
[2026-03-03T11:28:52.045Z] http://localhost:5173/reset-password/036711d93e58dbc467747ca0969043e90f81c6099c6a2564de864c3756d64a76
[2026-03-03T11:28:52.056Z] ==========================================

[2026-03-03T11:33:26.779Z] [FORGOT PW] JSON Mode reset token for bollepallijagadeesh@gmail.com: f41c492812602cb2ca9fd7f8f996ed4fc64393c3b2a590a4eaff3042a64a0bfd
[2026-03-03T11:33:26.846Z] 
==========================================
[2026-03-03T11:33:26.859Z] PASSWORD RESET LINK FOR bollepallijagadeesh@gmail.com:
[2026-03-03T11:33:26.863Z] http://localhost:5173/reset-password/f41c492812602cb2ca9fd7f8f996ed4fc64393c3b2a590a4eaff3042a64a0bfd
[2026-03-03T11:33:26.873Z] ==========================================

[2026-03-03T11:34:57.404Z] [FORGOT PW] JSON Mode reset token for bollepallijagadeesh@gmail.com: b8866f52d828ceb85e91d857cfba76567a9a42178d74e2fbc5bb6930143d5aa7
[2026-03-03T11:34:57.420Z] 
==========================================
[2026-03-03T11:34:57.421Z] PASSWORD RESET LINK FOR bollepallijagadeesh@gmail.com:
[2026-03-03T11:34:57.422Z] http://localhost:5173/reset-password/b8866f52d828ceb85e91d857cfba76567a9a42178d74e2fbc5bb6930143d5aa7
[2026-03-03T11:34:57.423Z] ==========================================

[2026-03-03T11:38:06.591Z] [FORGOT PW] JSON Mode reset token for bollepallijagadeesh@gmail.com: 0eb2e50d032d67cea91968914c0489efb4339aafca2ee02fb62792b8bfb19a99
[2026-03-03T11:38:06.593Z] 
==========================================
[2026-03-03T11:38:06.595Z] PASSWORD RESET LINK FOR bollepallijagadeesh@gmail.com:
[2026-03-03T11:38:06.597Z] http://localhost:5173/reset-password/0eb2e50d032d67cea91968914c0489efb4339aafca2ee02fb62792b8bfb19a99
[2026-03-03T11:38:06.601Z] ==========================================

[2026-03-03T11:44:47.131Z] [FORGOT PW] JSON Mode reset token for bollepallijagadeesh@gmail.com: d778ee51121cf0069ad411c0a535bb2cd4405a9b950070fb409db832ac831f42
[2026-03-03T11:44:58.261Z] [FORGOT PW] JSON Mode reset token for bollepallijagadeesh@gmail.com: 36aeee8a5f3cf1636c34cf974196092eb5818fd4b48a2108d5ed0c55c3962d0c
[2026-03-03T11:45:27.850Z] [FORGOT PW] JSON Mode reset token for bollepallijagadeesh@gmail.com: 3033b7cdbd1be2c6627b86d16f9dcfa5e84277090d0c79d54f763a4bb434ec46
[2026-03-03T11:56:33.647Z] [FORGOT PW] JSON Mode reset token for bollepallijagadeesh@gmail.com: be19d39b0c62d91e413933414d559a903bebe3e6b3ab43c1126dc2305ae8277e
[2026-03-03T11:56:40.783Z] 
==========================================
[2026-03-03T11:56:40.789Z] TEST EMAIL SENT! VIEW IT HERE:
[2026-03-03T11:56:40.793Z] https://ethereal.email/message/aabMc96EylEeUzHoaabMeESUF0ht.Js6AAAAAQVBPZ8OjjJVvvLwJsk.aOM
[2026-03-03T11:56:40.795Z] ==========================================

[2026-03-03T12:03:35.702Z] [FORGOT PW] JSON Mode reset token for bollepallijagadeesh@gmail.com: e371374ef7e004444ecdc86fde27910c4217d552830d73b93d1ce01a59e1ee98
[2026-03-03T12:03:40.263Z] 
==========================================
[2026-03-03T12:03:40.265Z] TEST EMAIL SENT! VIEW IT HERE:
[2026-03-03T12:03:40.266Z] https://ethereal.email/message/aabMc96EylEeUzHoaabOG8PU1TAFRmULAAAAArOmuiGtUBJhdvDGkYig1UM
[2026-03-03T12:03:40.269Z] ==========================================

[2026-03-03T12:56:55.185Z] [FORGOT PW] JSON Mode reset token for admin@vastrakuteer.com: 1dbb9774b8d6560e129ce21d0aedff61bcfc931b7273547eb35b6c77d519cd6a
[2026-03-03T12:56:59.317Z] 
==========================================
[2026-03-03T12:56:59.318Z] TEST EMAIL SENT! VIEW IT HERE:
[2026-03-03T12:56:59.318Z] Check your email inbox
[2026-03-03T12:56:59.318Z] ==========================================

[2026-03-03T12:58:04.212Z] [FORGOT PW] JSON Mode reset token for bollepallijagadeesh@gmail.com: f6fce236151d1951d5588f6b457deb097af5763cb1438691682fd42ab9f764cc
[2026-03-03T12:58:07.876Z] 
==========================================
[2026-03-03T12:58:07.876Z] TEST EMAIL SENT! VIEW IT HERE:
[2026-03-03T12:58:07.877Z] Check your email inbox
[2026-03-03T12:58:07.877Z] ==========================================

[2026-03-03T13:20:03.637Z] [FORGOT PW] JSON Mode reset token for bollepallijagadeesh@gmail.com: 72594e17d3ed60893caeafe40e29db47b23a30ec8f06292b52ba2ba14fb90577
[2026-03-03T13:20:07.130Z] 
==========================================
[2026-03-03T13:20:07.132Z] TEST EMAIL SENT! VIEW IT HERE:
[2026-03-03T13:20:07.133Z] Check your email inbox
[2026-03-03T13:20:07.134Z] ==========================================

[2026-03-03T13:27:44.485Z] [LOGIN] Using JSON DB. Email: admin@vastrakuteer.com
[2026-03-03T13:28:01.788Z] [LOGIN] Using JSON DB. Email: admin@vastrakuteer.com
[2026-03-03T13:31:20.895Z] [LOGIN] Using JSON DB. Email: admin@vastrakuteer.com
[2026-03-03T13:33:30.357Z] [LOGIN] Using JSON DB. Email: admin@vastrakuteer.com
[2026-03-05T04:02:56.396Z] [LOGIN] Using JSON DB. Email: admin@vastrakuteer.com
[2026-03-05T04:13:32.999Z] [LOGIN] Using JSON DB. Email: admin@vastrakuteer.com
[2026-03-06T09:09:34.926Z] [LOGIN] Using JSON DB. Email: admin@vastrakuteer.com
[2026-03-06T09:09:36.694Z] [LOGIN] Using JSON DB. Email: admin@vastrakuteer.com
[2026-03-06T09:48:15.817Z] [REGISTER] Using JSON DB. Email: 
[2026-03-08T06:42:08.083Z] [LOGIN] Using JSON DB. Email: admin@vastrakuteer.com
[2026-03-09T05:35:18.398Z] [LOGIN] Using JSON DB. Email: admin@vastrakuteer.com
[2026-03-11T05:30:34.917Z] [LOGIN] Using JSON DB. Email: admin@vastrakuteer.com
[2026-03-11T05:41:18.705Z] [LOGIN] Using JSON DB. Email: admin@vastrakuteer.com
[2026-03-11T05:41:27.978Z] [LOGIN] Using JSON DB. Email: bollepallijagadeesh@gmail.com
[2026-03-11T05:56:47.484Z] [LOGIN] Using JSON DB. Email: admin@vastrakuteer.com
[2026-03-11T05:57:16.593Z] [LOGIN] Using JSON DB. Email: admin@vastrakuteer.com
[2026-03-11T05:57:26.627Z] [LOGIN] Using JSON DB. Email: bollepallijagadeesh@gmail.com
[2026-03-11T06:01:36.200Z] [LOGIN] Using JSON DB. Email: bollepallijagadeesh@gmail.com
[2026-03-11T06:10:12.309Z] [LOGIN] Using JSON DB. Email: admin@vastrakuteer.com
[2026-03-13T17:14:14.108Z] [LOGIN] Using JSON DB. Email: admin@vastrakuteer.com
[2026-03-14T05:59:23.805Z] [LOGIN] Using JSON DB. Email: admin@vastrakuteer.com
[2026-03-16T05:42:53.906Z] [LOGIN] Using JSON DB. Email: admin@vastrakuteer.com
[2026-03-16T05:51:25.593Z] [LOGIN] Using JSON DB. Email: admin@vastrakuteer.com
[2026-03-16T06:07:31.226Z] [REGISTER] Using JSON DB. Email: mobile@test.com
[2026-03-16T06:14:01.130Z] [REGISTER] Using JSON DB. Email: testmobile@example.com
[2026-03-18T08:49:33.332Z] [LOGIN] Using JSON DB. Email: admin@vastrakuteer.com
[2026-03-18T08:49:54.319Z] [LOGIN] Using JSON DB. Email: admin@vastrakuteer.com
[2026-03-18T11:52:08.707Z] [LOGIN] Using JSON DB. Email: admin@vastrakuteer.com
